<?xml version="1.0" encoding="UTF-8"?>
<!-- Generated by org.testng.reporters.JUnitReportReporter -->
<testsuite skipped="0" hostname="DESKTOP-F6NS1F9" name="com.training.sanity.tests.LoginTests" tests="2" failures="0" timestamp="11 Mar 2019 04:57:18 GMT" time="24.311" errors="0">
  <testcase name="validLoginTest1" time="11.671" classname="com.training.sanity.tests.LoginTests"/>
  <testcase name="validLoginTest2" time="12.640" classname="com.training.sanity.tests.LoginTests"/>
</testsuite> <!-- com.training.sanity.tests.LoginTests -->
