<?xml version="1.0" encoding="UTF-8"?>
<!-- Generated by org.testng.reporters.JUnitReportReporter -->
<testsuite skipped="0" hostname="DESKTOP-F6NS1F9" name="com.training.sanity.tests.RTTC_083" tests="5" failures="0" timestamp="25 Mar 2019 05:56:31 GMT" time="15.115" errors="0">
  <testcase name="showOptions" time="0.443" classname="com.training.sanity.tests.RTTC_083"/>
  <testcase name="returnProductwithExcel" time="4.036" classname="com.training.sanity.tests.RTTC_083"/>
  <testcase name="returnProductwithExcel" time="3.431" classname="com.training.sanity.tests.RTTC_083"/>
  <testcase name="returnProductwithExcel" time="3.770" classname="com.training.sanity.tests.RTTC_083"/>
  <testcase name="returnProductwithExcel" time="3.435" classname="com.training.sanity.tests.RTTC_083"/>
</testsuite> <!-- com.training.sanity.tests.RTTC_083 -->
