<?xml version="1.0" encoding="UTF-8"?>
<!-- Generated by org.testng.reporters.JUnitReportReporter -->
<testsuite skipped="0" hostname="DESKTOP-F6NS1F9" name="com.training.sanity.tests.RTTC_054" tests="1" failures="0" timestamp="19 Mar 2019 14:20:47 GMT" time="12.754" errors="0">
  <testcase name="displayOptionsNavigateToOrders" time="12.754" classname="com.training.sanity.tests.RTTC_054"/>
</testsuite> <!-- com.training.sanity.tests.RTTC_054 -->
