<?xml version="1.0" encoding="UTF-8"?>
<!-- Generated by org.testng.reporters.JUnitReportReporter -->
<testsuite skipped="0" hostname="DESKTOP-F6NS1F9" name="com.training.sanity.tests.RTTC_022" tests="6" failures="0" timestamp="12 Mar 2019 12:42:05 GMT" time="12.594" errors="0">
  <testcase name="setUp" time="9.575" classname="com.training.sanity.tests.RTTC_022"/>
  <testcase name="displayReportsOptions" time="0.712" classname="com.training.sanity.tests.RTTC_022"/>
  <testcase name="displaySalesOptions" time="0.421" classname="com.training.sanity.tests.RTTC_022"/>
  <testcase name="navigateToOrdersPage" time="0.667" classname="com.training.sanity.tests.RTTC_022"/>
  <testcase name="displayGroupByListBox" time="0.124" classname="com.training.sanity.tests.RTTC_022"/>
  <testcase name="filterOrderDetails" time="1.095" classname="com.training.sanity.tests.RTTC_022"/>
</testsuite> <!-- com.training.sanity.tests.RTTC_022 -->
