<?xml version="1.0" encoding="UTF-8"?>
<!-- Generated by org.testng.reporters.JUnitReportReporter -->
<testsuite skipped="0" hostname="DESKTOP-F6NS1F9" name="com.training.sanity.tests.RTTC_081" tests="1" failures="0" timestamp="20 Mar 2019 10:37:30 GMT" time="14.216" errors="0">
  <testcase name="returnProduct" time="14.216" classname="com.training.sanity.tests.RTTC_081"/>
</testsuite> <!-- com.training.sanity.tests.RTTC_081 -->
