<?xml version="1.0" encoding="UTF-8"?>
<!-- Generated by org.testng.reporters.JUnitReportReporter -->
<testsuite skipped="0" hostname="DESKTOP-F6NS1F9" name="com.training.sanity.tests.LoginTests" tests="1" failures="0" timestamp="15 Mar 2019 04:47:52 GMT" time="12.716" errors="0">
  <testcase name="validLoginTest1" time="12.716" classname="com.training.sanity.tests.LoginTests"/>
</testsuite> <!-- com.training.sanity.tests.LoginTests -->
