<?xml version="1.0" encoding="UTF-8"?>
<!-- Generated by org.testng.reporters.JUnitReportReporter -->
<testsuite skipped="0" hostname="DESKTOP-F6NS1F9" name="com.training.sanity.tests.RTTC_084" tests="2" failures="0" timestamp="30 Mar 2019 07:35:50 GMT" time="36.902" errors="0">
  <testcase name="productAddTest" time="9.491" classname="com.training.sanity.tests.RTTC_084"/>
  <testcase name="productCheckfromUserLogin" time="27.411" classname="com.training.sanity.tests.RTTC_084"/>
</testsuite> <!-- com.training.sanity.tests.RTTC_084 -->
