<?xml version="1.0" encoding="UTF-8"?>
<!-- Generated by org.testng.reporters.JUnitReportReporter -->
<testsuite skipped="0" hostname="DESKTOP-F6NS1F9" name="com.training.sanity.tests.RTTC_085" tests="4" failures="0" timestamp="29 Mar 2019 10:21:01 GMT" time="7.613" errors="0">
  <testcase name="filterOrdersInTable" time="1.840" classname="com.training.sanity.tests.RTTC_085"/>
  <testcase name="filterOrdersInTable" time="1.860" classname="com.training.sanity.tests.RTTC_085"/>
  <testcase name="filterOrdersInTable" time="2.106" classname="com.training.sanity.tests.RTTC_085"/>
  <testcase name="filterOrdersInTable" time="1.807" classname="com.training.sanity.tests.RTTC_085"/>
</testsuite> <!-- com.training.sanity.tests.RTTC_085 -->
