<?xml version="1.0" encoding="UTF-8"?>
<!-- Generated by org.testng.reporters.JUnitReportReporter -->
<testsuite skipped="0" hostname="DESKTOP-F6NS1F9" name="com.training.sanity.tests.RTTC_052" tests="11" failures="0" timestamp="14 Mar 2019 06:30:50 GMT" time="51.896" errors="0">
  <testcase name="setUp" time="12.894" classname="com.training.sanity.tests.RTTC_052"/>
  <testcase name="displayCustomersOptions" time="0.433" classname="com.training.sanity.tests.RTTC_052"/>
  <testcase name="navigateToCustomerGroupsPage" time="1.298" classname="com.training.sanity.tests.RTTC_052"/>
  <testcase name="searchCustomerToDelete" time="1.026" classname="com.training.sanity.tests.RTTC_052"/>
  <testcase name="clickEditButton" time="0.761" classname="com.training.sanity.tests.RTTC_052"/>
  <testcase name="editFields" time="2.498" classname="com.training.sanity.tests.RTTC_052"/>
  <testcase name="displayReportsOptions" time="0.331" classname="com.training.sanity.tests.RTTC_052"/>
  <testcase name="displayReportsCustomersOptions" time="0.503" classname="com.training.sanity.tests.RTTC_052"/>
  <testcase name="navigateToRewardPointsPage" time="0.794" classname="com.training.sanity.tests.RTTC_052"/>
  <testcase name="searchCustomerWithRewardPoints" time="31.314" classname="com.training.sanity.tests.RTTC_052"/>
  <testcase name="confirmRewardPoints" time="0.044" classname="com.training.sanity.tests.RTTC_052"/>
</testsuite> <!-- com.training.sanity.tests.RTTC_052 -->
