<?xml version="1.0" encoding="UTF-8"?>
<!-- Generated by org.testng.reporters.JUnitReportReporter -->
<testsuite skipped="0" hostname="DESKTOP-F6NS1F9" name="com.training.sanity.tests.RTTC_021" tests="5" failures="0" timestamp="11 Mar 2019 05:35:03 GMT" time="14.030" errors="0">
  <testcase name="setUp" time="10.185" classname="com.training.sanity.tests.RTTC_021"/>
  <testcase name="displayCustomersOptions" time="0.574" classname="com.training.sanity.tests.RTTC_021"/>
  <testcase name="navigateToCustomerPage" time="0.851" classname="com.training.sanity.tests.RTTC_021"/>
  <testcase name="searchCustomerToDelete" time="1.161" classname="com.training.sanity.tests.RTTC_021"/>
  <testcase name="deleteCustomer" time="1.259" classname="com.training.sanity.tests.RTTC_021"/>
</testsuite> <!-- com.training.sanity.tests.RTTC_021 -->
