<?xml version="1.0" encoding="UTF-8"?>
<!-- Generated by org.testng.reporters.JUnitReportReporter -->
<testsuite skipped="0" hostname="DESKTOP-F6NS1F9" name="com.training.sanity.tests.RTTC025" tests="6" failures="0" timestamp="11 Mar 2019 10:17:00 GMT" time="13.521" errors="0">
  <testcase name="setUp" time="11.054" classname="com.training.sanity.tests.RTTC025"/>
  <testcase name="displayReportsOptions" time="0.485" classname="com.training.sanity.tests.RTTC025"/>
  <testcase name="displaySalesOptions" time="0.516" classname="com.training.sanity.tests.RTTC025"/>
  <testcase name="navigateToReturnsPage" time="0.628" classname="com.training.sanity.tests.RTTC025"/>
  <testcase name="displayGroupByListBox" time="0.113" classname="com.training.sanity.tests.RTTC025"/>
  <testcase name="filterReturnsDetails" time="0.725" classname="com.training.sanity.tests.RTTC025"/>
</testsuite> <!-- com.training.sanity.tests.RTTC025 -->
