<?xml version="1.0" encoding="UTF-8"?>
<!-- Generated by org.testng.reporters.JUnitReportReporter -->
<testsuite skipped="0" hostname="DESKTOP-F6NS1F9" name="com.training.sanity.tests.RTTC_051" tests="7" failures="0" timestamp="18 Mar 2019 04:57:27 GMT" time="11.573" errors="0">
  <testcase name="displayCustomersOptions" time="0.287" classname="com.training.sanity.tests.RTTC_051"/>
  <testcase name="navigateToCustomerGroupsPage" time="0.739" classname="com.training.sanity.tests.RTTC_051"/>
  <testcase name="navigateToCreateNewCustomerGroupPage" time="0.932" classname="com.training.sanity.tests.RTTC_051"/>
  <testcase name="createNewCustomerGroup" time="2.430" classname="com.training.sanity.tests.RTTC_051"/>
  <testcase name="navigateToCustomerPage" time="0.720" classname="com.training.sanity.tests.RTTC_051"/>
  <testcase name="navigateToAddCustomerPage" time="0.712" classname="com.training.sanity.tests.RTTC_051"/>
  <testcase name="addNewCustomer" time="5.753" classname="com.training.sanity.tests.RTTC_051"/>
</testsuite> <!-- com.training.sanity.tests.RTTC_051 -->
