<?xml version="1.0" encoding="UTF-8"?>
<!-- Generated by org.testng.reporters.JUnitReportReporter -->
<testsuite skipped="0" hostname="DESKTOP-F6NS1F9" name="com.training.regression.tests.LoginExcelTest" tests="2" failures="0" timestamp="21 Mar 2019 06:13:41 GMT" time="39.831" errors="0">
  <testcase name="loginDBTest" time="29.638" classname="com.training.regression.tests.LoginExcelTest"/>
  <testcase name="loginDBTest" time="10.193" classname="com.training.regression.tests.LoginExcelTest"/>
</testsuite> <!-- com.training.regression.tests.LoginExcelTest -->
