<?xml version="1.0" encoding="UTF-8"?>
<!-- Generated by org.testng.reporters.JUnitReportReporter -->
<testsuite skipped="0" hostname="DESKTOP-F6NS1F9" name="com.training.sanity.tests.RTTC_055" tests="1" failures="0" timestamp="18 Mar 2019 10:49:40 GMT" time="21.563" errors="0">
  <testcase name="displayOptionsNavigateToOrders" time="21.563" classname="com.training.sanity.tests.RTTC_055"/>
</testsuite> <!-- com.training.sanity.tests.RTTC_055 -->
