<?xml version="1.0" encoding="UTF-8"?>
<!-- Generated by org.testng.reporters.JUnitReportReporter -->
<testsuite skipped="0" hostname="DESKTOP-F6NS1F9" name="com.training.sanity.tests.RTTC_082" tests="5" failures="0" timestamp="01 Apr 2019 11:35:10 GMT" time="32.683" errors="0">
  <testcase name="showOptions" time="1.393" classname="com.training.sanity.tests.RTTC_082"/>
  <testcase name="returnProductwithExcel" time="9.827" classname="com.training.sanity.tests.RTTC_082"/>
  <testcase name="returnProductwithExcel" time="7.003" classname="com.training.sanity.tests.RTTC_082"/>
  <testcase name="returnProductwithExcel" time="7.516" classname="com.training.sanity.tests.RTTC_082"/>
  <testcase name="returnProductwithExcel" time="6.944" classname="com.training.sanity.tests.RTTC_082"/>
</testsuite> <!-- com.training.sanity.tests.RTTC_082 -->
