<?xml version="1.0" encoding="UTF-8"?>
<!-- Generated by org.testng.reporters.JUnitReportReporter -->
<testsuite skipped="0" hostname="DESKTOP-F6NS1F9" name="com.training.sanity.tests.RTTC_053" tests="1" failures="0" timestamp="15 Mar 2019 06:30:20 GMT" time="11.876" errors="0">
  <testcase name="setUp" time="11.876" classname="com.training.sanity.tests.RTTC_053"/>
</testsuite> <!-- com.training.sanity.tests.RTTC_053 -->
