<?xml version="1.0" encoding="UTF-8"?>
<!-- Generated by org.testng.reporters.JUnitReportReporter -->
<testsuite skipped="0" hostname="DESKTOP-F6NS1F9" name="com.training.regression.tests.LoginDBTest" tests="1" failures="0" timestamp="01 Apr 2019 06:47:58 GMT" time="12.272" errors="0">
  <testcase name="loginDBTest" time="12.272" classname="com.training.regression.tests.LoginDBTest"/>
</testsuite> <!-- com.training.regression.tests.LoginDBTest -->
