<?xml version="1.0" encoding="UTF-8"?>
<!-- Generated by org.testng.reporters.JUnitReportReporter -->
<testsuite skipped="0" hostname="DESKTOP-F6NS1F9" name="com.training.sanity.tests.RTTC_024" tests="6" failures="0" timestamp="11 Mar 2019 10:07:04 GMT" time="11.722" errors="0">
  <testcase name="setUp" time="8.987" classname="com.training.sanity.tests.RTTC_024"/>
  <testcase name="displayReportsOptions" time="0.416" classname="com.training.sanity.tests.RTTC_024"/>
  <testcase name="displaySalesOptions" time="0.497" classname="com.training.sanity.tests.RTTC_024"/>
  <testcase name="navigateToShippingPage" time="0.813" classname="com.training.sanity.tests.RTTC_024"/>
  <testcase name="displayGroupByListBox" time="0.179" classname="com.training.sanity.tests.RTTC_024"/>
  <testcase name="filterOrderDetails" time="0.830" classname="com.training.sanity.tests.RTTC_024"/>
</testsuite> <!-- com.training.sanity.tests.RTTC_024 -->
