<?xml version="1.0" encoding="UTF-8"?>
<!-- Generated by org.testng.reporters.JUnitReportReporter -->
<testsuite skipped="0" hostname="DESKTOP-F6NS1F9" name="com.training.sanity.tests.ParentChildForCustomers" tests="4" failures="0" timestamp="12 Mar 2019 14:14:02 GMT" time="10.956" errors="0">
  <testcase name="setUp" time="8.848" classname="com.training.sanity.tests.ParentChildForCustomers"/>
  <testcase name="displayCustomersOptions" time="0.434" classname="com.training.sanity.tests.ParentChildForCustomers"/>
  <testcase name="navigateToCustomerPage" time="0.725" classname="com.training.sanity.tests.ParentChildForCustomers"/>
  <testcase name="searchCustomerToDelete" time="0.949" classname="com.training.sanity.tests.ParentChildForCustomers"/>
</testsuite> <!-- com.training.sanity.tests.ParentChildForCustomers -->
