<?xml version="1.0" encoding="UTF-8"?>
<!-- Generated by org.testng.reporters.JUnitReportReporter -->
<testsuite skipped="0" hostname="DESKTOP-F6NS1F9" name="com.training.sanity.tests.RTTC_023" tests="6" failures="0" timestamp="11 Mar 2019 10:06:33 GMT" time="13.529" errors="0">
  <testcase name="setUp" time="10.842" classname="com.training.sanity.tests.RTTC_023"/>
  <testcase name="displayReportsOptions" time="0.459" classname="com.training.sanity.tests.RTTC_023"/>
  <testcase name="displaySalesOptions" time="0.464" classname="com.training.sanity.tests.RTTC_023"/>
  <testcase name="navigateToTaxPage" time="0.751" classname="com.training.sanity.tests.RTTC_023"/>
  <testcase name="displayGroupByListBox" time="0.117" classname="com.training.sanity.tests.RTTC_023"/>
  <testcase name="filterOrderDetails" time="0.896" classname="com.training.sanity.tests.RTTC_023"/>
</testsuite> <!-- com.training.sanity.tests.RTTC_023 -->
